2021-07-16 09:45:17.644  INFO [movie-service,,] 13376 --- [restartedMain] .e.DevToolsPropertyDefaultsPostProcessor : Devtools property defaults active! Set 'spring.devtools.add-properties' to 'false' to disable
2021-07-16 09:45:18.262  INFO [movie-service,,] 13376 --- [restartedMain] c.c.c.ConfigServicePropertySourceLocator : Fetching config from server at : http://localhost:9090
2021-07-16 09:45:21.467  INFO [movie-service,,] 13376 --- [restartedMain] c.c.c.ConfigServicePropertySourceLocator : Located environment: name=movie-service, profiles=[default], label=null, version=5f7dfff238b1672a7bdcddaaaaecf124a49813c6, state=null
2021-07-16 09:45:21.468  INFO [movie-service,,] 13376 --- [restartedMain] b.c.PropertySourceBootstrapConfiguration : Located property source: [BootstrapPropertySource {name='bootstrapProperties-configClient'}, BootstrapPropertySource {name='bootstrapProperties-https://github.com/dnilay/config-server-repo.git/file:C:\Users\001ZTG~1\AppData\Local\Temp\config-repo-7937389284442785526\application.yml'}]
2021-07-16 09:45:21.488  INFO [movie-service,,] 13376 --- [restartedMain] c.e.demo.MovieServiceAppApplication      : No active profile set, falling back to default profiles: default
2021-07-16 09:45:22.445  INFO [movie-service,,] 13376 --- [restartedMain] .s.d.r.c.RepositoryConfigurationDelegate : Bootstrapping Spring Data JPA repositories in DEFAULT mode.
2021-07-16 09:45:22.591  INFO [movie-service,,] 13376 --- [restartedMain] .s.d.r.c.RepositoryConfigurationDelegate : Finished Spring Data repository scanning in 138 ms. Found 1 JPA repository interfaces.
2021-07-16 09:45:23.052  INFO [movie-service,,] 13376 --- [restartedMain] o.s.cloud.context.scope.GenericScope     : BeanFactory id=e90fa80b-7b38-32f5-a3a9-399ec092552f
2021-07-16 09:45:23.925  INFO [movie-service,,] 13376 --- [restartedMain] o.s.b.w.embedded.tomcat.TomcatWebServer  : Tomcat initialized with port(s): 0 (http)
2021-07-16 09:45:23.940  INFO [movie-service,,] 13376 --- [restartedMain] o.apache.catalina.core.StandardService   : Starting service [Tomcat]
2021-07-16 09:45:23.941  INFO [movie-service,,] 13376 --- [restartedMain] org.apache.catalina.core.StandardEngine  : Starting Servlet engine: [Apache Tomcat/9.0.48]
2021-07-16 09:45:24.240  INFO [movie-service,,] 13376 --- [restartedMain] o.a.c.c.C.[Tomcat].[localhost].[/]       : Initializing Spring embedded WebApplicationContext
2021-07-16 09:45:24.240  INFO [movie-service,,] 13376 --- [restartedMain] w.s.c.ServletWebServerApplicationContext : Root WebApplicationContext: initialization completed in 2739 ms
2021-07-16 09:45:24.794  INFO [movie-service,,] 13376 --- [restartedMain] com.zaxxer.hikari.HikariDataSource       : HikariPool-1 - Starting...
2021-07-16 09:45:25.069  INFO [movie-service,,] 13376 --- [restartedMain] com.zaxxer.hikari.HikariDataSource       : HikariPool-1 - Start completed.
2021-07-16 09:45:25.078  INFO [movie-service,,] 13376 --- [restartedMain] o.s.b.a.h2.H2ConsoleAutoConfiguration    : H2 console available at '/h2-console'. Database available at 'jdbc:h2:mem:testDB'
2021-07-16 09:45:25.826  WARN [movie-service,,] 13376 --- [restartedMain] o.s.c.s.a.z.ZipkinAutoConfiguration      : Check result of the [RestTemplateSender{http://localhost:9411/api/v2/spans}] contains an error [CheckResult{ok=false, error=org.springframework.web.client.ResourceAccessException: I/O error on POST request for "http://localhost:9411/api/v2/spans": Connection refused: no further information; nested exception is java.net.ConnectException: Connection refused: no further information}]
2021-07-16 09:45:27.196  INFO [movie-service,,] 13376 --- [restartedMain] o.hibernate.jpa.internal.util.LogHelper  : HHH000204: Processing PersistenceUnitInfo [name: default]
2021-07-16 09:45:27.275  INFO [movie-service,,] 13376 --- [restartedMain] org.hibernate.Version                    : HHH000412: Hibernate ORM core version 5.4.32.Final
2021-07-16 09:45:27.543  INFO [movie-service,,] 13376 --- [restartedMain] o.hibernate.annotations.common.Version   : HCANN000001: Hibernate Commons Annotations {5.1.2.Final}
2021-07-16 09:45:27.775  INFO [movie-service,,] 13376 --- [restartedMain] org.hibernate.dialect.Dialect            : HHH000400: Using dialect: org.hibernate.dialect.H2Dialect
2021-07-16 09:45:28.718  INFO [movie-service,,] 13376 --- [restartedMain] o.h.e.t.j.p.i.JtaPlatformInitiator       : HHH000490: Using JtaPlatform implementation: [org.hibernate.engine.transaction.jta.platform.internal.NoJtaPlatform]
2021-07-16 09:45:28.729  INFO [movie-service,,] 13376 --- [restartedMain] j.LocalContainerEntityManagerFactoryBean : Initialized JPA EntityManagerFactory for persistence unit 'default'
2021-07-16 09:45:28.851  WARN [movie-service,,] 13376 --- [restartedMain] o.s.b.d.a.OptionalLiveReloadServer       : Unable to start LiveReload server
2021-07-16 09:45:29.597  WARN [movie-service,,] 13376 --- [restartedMain] JpaBaseConfiguration$JpaWebConfiguration : spring.jpa.open-in-view is enabled by default. Therefore, database queries may be performed during view rendering. Explicitly configure spring.jpa.open-in-view to disable this warning
2021-07-16 09:45:32.368  INFO [movie-service,,] 13376 --- [restartedMain] DiscoveryClientOptionalArgsConfiguration : Eureka HTTP Client uses RestTemplate.
2021-07-16 09:45:32.920  INFO [movie-service,,] 13376 --- [RMI TCP Connection(3)-127.0.0.1] o.a.c.c.C.[Tomcat].[localhost].[/]       : Initializing Spring DispatcherServlet 'dispatcherServlet'
2021-07-16 09:45:32.920  INFO [movie-service,,] 13376 --- [RMI TCP Connection(3)-127.0.0.1] o.s.web.servlet.DispatcherServlet        : Initializing Servlet 'dispatcherServlet'
2021-07-16 09:45:32.950  INFO [movie-service,,] 13376 --- [RMI TCP Connection(3)-127.0.0.1] o.s.b.a.e.web.EndpointLinksResolver      : Exposing 2 endpoint(s) beneath base path '/actuator'
2021-07-16 09:45:32.995  WARN [movie-service,,] 13376 --- [restartedMain] iguration$LoadBalancerCaffeineWarnLogger : Spring Cloud LoadBalancer is currently working with the default cache. You can switch to using Caffeine cache, by adding it and org.springframework.cache.caffeine.CaffeineCacheManager to the classpath.
2021-07-16 09:45:33.030  INFO [movie-service,,] 13376 --- [RMI TCP Connection(3)-127.0.0.1] o.s.web.servlet.DispatcherServlet        : Completed initialization in 109 ms
2021-07-16 09:45:33.379  INFO [movie-service,,] 13376 --- [restartedMain] o.s.b.w.embedded.tomcat.TomcatWebServer  : Tomcat started on port(s): 54582 (http) with context path ''
2021-07-16 09:45:33.381  INFO [movie-service,,] 13376 --- [restartedMain] .s.c.n.e.s.EurekaAutoServiceRegistration : Updating port to 54582
2021-07-16 09:45:33.388  INFO [movie-service,,] 13376 --- [restartedMain] o.s.c.n.eureka.InstanceInfoFactory       : Setting initial instance status as: STARTING
2021-07-16 09:45:33.486  INFO [movie-service,,] 13376 --- [restartedMain] com.netflix.discovery.DiscoveryClient    : Initializing Eureka in region us-east-1
2021-07-16 09:45:33.494  INFO [movie-service,,] 13376 --- [restartedMain] c.n.d.s.r.aws.ConfigClusterResolver      : Resolving eureka endpoints via configuration
2021-07-16 09:45:33.541  INFO [movie-service,,] 13376 --- [restartedMain] com.netflix.discovery.DiscoveryClient    : Disable delta property : false
2021-07-16 09:45:33.541  INFO [movie-service,,] 13376 --- [restartedMain] com.netflix.discovery.DiscoveryClient    : Single vip registry refresh property : null
2021-07-16 09:45:33.541  INFO [movie-service,,] 13376 --- [restartedMain] com.netflix.discovery.DiscoveryClient    : Force full registry fetch : false
2021-07-16 09:45:33.541  INFO [movie-service,,] 13376 --- [restartedMain] com.netflix.discovery.DiscoveryClient    : Application is null : false
2021-07-16 09:45:33.542  INFO [movie-service,,] 13376 --- [restartedMain] com.netflix.discovery.DiscoveryClient    : Registered Applications size is zero : true
2021-07-16 09:45:33.542  INFO [movie-service,,] 13376 --- [restartedMain] com.netflix.discovery.DiscoveryClient    : Application version is -1: true
2021-07-16 09:45:33.542  INFO [movie-service,,] 13376 --- [restartedMain] com.netflix.discovery.DiscoveryClient    : Getting all instance registry info from the eureka server
2021-07-16 09:45:33.855  INFO [movie-service,,] 13376 --- [restartedMain] com.netflix.discovery.DiscoveryClient    : The response status is 200
2021-07-16 09:45:33.864  INFO [movie-service,,] 13376 --- [restartedMain] com.netflix.discovery.DiscoveryClient    : Starting heartbeat executor: renew interval is: 30
2021-07-16 09:45:33.874  INFO [movie-service,,] 13376 --- [restartedMain] c.n.discovery.InstanceInfoReplicator     : InstanceInfoReplicator onDemand update allowed rate per min is 4
2021-07-16 09:45:33.893  INFO [movie-service,,] 13376 --- [restartedMain] com.netflix.discovery.DiscoveryClient    : Discovery Client initialized at timestamp 1626408933892 with initial instances count: 1
2021-07-16 09:45:33.919  INFO [movie-service,,] 13376 --- [restartedMain] o.s.c.n.e.s.EurekaServiceRegistry        : Registering application MOVIE-SERVICE with eureka with status UP
2021-07-16 09:45:33.920  INFO [movie-service,,] 13376 --- [restartedMain] com.netflix.discovery.DiscoveryClient    : Saw local status change event StatusChangeEvent [timestamp=1626408933920, current=UP, previous=STARTING]
2021-07-16 09:45:33.923  INFO [movie-service,,] 13376 --- [DiscoveryClient-InstanceInfoReplicator-0] com.netflix.discovery.DiscoveryClient    : DiscoveryClient_MOVIE-SERVICE/movie-service:28e5b7a1c5e677f228f808efaf4a0d2e: registering service...
2021-07-16 09:45:34.117  INFO [movie-service,,] 13376 --- [DiscoveryClient-InstanceInfoReplicator-0] com.netflix.discovery.DiscoveryClient    : DiscoveryClient_MOVIE-SERVICE/movie-service:28e5b7a1c5e677f228f808efaf4a0d2e - registration status: 204
2021-07-16 09:45:34.158  INFO [movie-service,,] 13376 --- [restartedMain] c.e.demo.MovieServiceAppApplication      : Started MovieServiceAppApplication in 17.139 seconds (JVM running for 18.124)
2021-07-16 09:45:34.268  WARN [movie-service,,] 13376 --- [registrationTask1] d.c.b.a.c.r.ApplicationRegistrator       : Failed to register application as Application(name=movie-service, managementUrl=http://host.docker.internal:54582/actuator, healthUrl=http://host.docker.internal:54582/actuator/health, serviceUrl=http://host.docker.internal:54582/) at spring-boot-admin ([http://admin:admin@localhost:8888//instances]): I/O error on POST request for "http://admin:admin@localhost:8888/instances": Connect to localhost:8888 [localhost/127.0.0.1, localhost/0:0:0:0:0:0:0:1] failed: Connection refused: no further information; nested exception is org.apache.http.conn.HttpHostConnectException: Connect to localhost:8888 [localhost/127.0.0.1, localhost/0:0:0:0:0:0:0:1] failed: Connection refused: no further information. Further attempts are logged on DEBUG level
2021-07-16 09:46:03.905  INFO [movie-service,,] 13376 --- [DiscoveryClient-HeartbeatExecutor-0] com.netflix.discovery.DiscoveryClient    : DiscoveryClient_MOVIE-SERVICE/movie-service:28e5b7a1c5e677f228f808efaf4a0d2e - Re-registering apps/MOVIE-SERVICE
2021-07-16 09:46:03.905  INFO [movie-service,,] 13376 --- [DiscoveryClient-HeartbeatExecutor-0] com.netflix.discovery.DiscoveryClient    : DiscoveryClient_MOVIE-SERVICE/movie-service:28e5b7a1c5e677f228f808efaf4a0d2e: registering service...
2021-07-16 09:46:03.957  INFO [movie-service,,] 13376 --- [DiscoveryClient-HeartbeatExecutor-0] com.netflix.discovery.DiscoveryClient    : DiscoveryClient_MOVIE-SERVICE/movie-service:28e5b7a1c5e677f228f808efaf4a0d2e - registration status: 204
2021-07-16 09:46:33.933  INFO [movie-service,,] 13376 --- [DiscoveryClient-CacheRefreshExecutor-0] com.netflix.discovery.DiscoveryClient    : Disable delta property : false
2021-07-16 09:46:33.934  INFO [movie-service,,] 13376 --- [DiscoveryClient-CacheRefreshExecutor-0] com.netflix.discovery.DiscoveryClient    : Single vip registry refresh property : null
2021-07-16 09:46:33.934  INFO [movie-service,,] 13376 --- [DiscoveryClient-CacheRefreshExecutor-0] com.netflix.discovery.DiscoveryClient    : Force full registry fetch : false
2021-07-16 09:46:33.934  INFO [movie-service,,] 13376 --- [DiscoveryClient-CacheRefreshExecutor-0] com.netflix.discovery.DiscoveryClient    : Application is null : false
2021-07-16 09:46:33.934  INFO [movie-service,,] 13376 --- [DiscoveryClient-CacheRefreshExecutor-0] com.netflix.discovery.DiscoveryClient    : Registered Applications size is zero : true
2021-07-16 09:46:33.934  INFO [movie-service,,] 13376 --- [DiscoveryClient-CacheRefreshExecutor-0] com.netflix.discovery.DiscoveryClient    : Application version is -1: false
2021-07-16 09:46:33.935  INFO [movie-service,,] 13376 --- [DiscoveryClient-CacheRefreshExecutor-0] com.netflix.discovery.DiscoveryClient    : Getting all instance registry info from the eureka server
2021-07-16 09:46:33.940  INFO [movie-service,,] 13376 --- [DiscoveryClient-CacheRefreshExecutor-0] com.netflix.discovery.DiscoveryClient    : The response status is 200
2021-07-16 09:47:13.753  WARN [movie-service,,] 13376 --- [AsyncReporter{RestTemplateSender{http://localhost:9411/api/v2/spans}}] z.r.AsyncReporter$BoundedAsyncReporter   : Spans were dropped due to exceptions. All subsequent errors will be logged at FINE level.
2021-07-16 09:47:13.757  WARN [movie-service,,] 13376 --- [AsyncReporter{RestTemplateSender{http://localhost:9411/api/v2/spans}}] z.r.AsyncReporter$BoundedAsyncReporter   : Dropped 1 spans due to ResourceAccessException(I/O error on POST request for "http://localhost:9411/api/v2/spans": Connection refused: no further information; nested exception is java.net.ConnectException: Connection refused: no further information)

org.springframework.web.client.ResourceAccessException: I/O error on POST request for "http://localhost:9411/api/v2/spans": Connection refused: no further information; nested exception is java.net.ConnectException: Connection refused: no further information
	at org.springframework.web.client.RestTemplate.doExecute(RestTemplate.java:785) ~[spring-web-5.3.8.jar:5.3.8]
	at org.springframework.cloud.sleuth.zipkin2.ZipkinRestTemplateWrapper.doExecute(ZipkinRestTemplateWrapper.java:69) ~[spring-cloud-sleuth-zipkin-3.0.3.jar:3.0.3]
	at org.springframework.web.client.RestTemplate.exchange(RestTemplate.java:660) ~[spring-web-5.3.8.jar:5.3.8]
	at org.springframework.cloud.sleuth.zipkin2.RestTemplateSender.post(RestTemplateSender.java:151) ~[spring-cloud-sleuth-zipkin-3.0.3.jar:3.0.3]
	at org.springframework.cloud.sleuth.zipkin2.RestTemplateSender$HttpPostCall.doExecute(RestTemplateSender.java:169) ~[spring-cloud-sleuth-zipkin-3.0.3.jar:3.0.3]
	at org.springframework.cloud.sleuth.zipkin2.RestTemplateSender$HttpPostCall.doExecute(RestTemplateSender.java:159) ~[spring-cloud-sleuth-zipkin-3.0.3.jar:3.0.3]
	at zipkin2.Call$Base.execute(Call.java:391) ~[zipkin-2.23.0.jar:na]
	at zipkin2.reporter.AsyncReporter$BoundedAsyncReporter.flush(AsyncReporter.java:299) ~[zipkin-reporter-2.16.1.jar:na]
	at zipkin2.reporter.AsyncReporter$Flusher.run(AsyncReporter.java:378) ~[zipkin-reporter-2.16.1.jar:na]
	at java.base/java.lang.Thread.run(Thread.java:831) ~[na:na]
Caused by: java.net.ConnectException: Connection refused: no further information
	at java.base/sun.nio.ch.Net.pollConnect(Native Method) ~[na:na]
	at java.base/sun.nio.ch.Net.pollConnectNow(Net.java:669) ~[na:na]
	at java.base/sun.nio.ch.NioSocketImpl.timedFinishConnect(NioSocketImpl.java:542) ~[na:na]
	at java.base/sun.nio.ch.NioSocketImpl.connect(NioSocketImpl.java:597) ~[na:na]
	at java.base/java.net.Socket.connect(Socket.java:645) ~[na:na]
	at java.base/sun.net.NetworkClient.doConnect(NetworkClient.java:177) ~[na:na]
	at java.base/sun.net.www.http.HttpClient.openServer(HttpClient.java:497) ~[na:na]
	at java.base/sun.net.www.http.HttpClient.openServer(HttpClient.java:600) ~[na:na]
	at java.base/sun.net.www.http.HttpClient.<init>(HttpClient.java:246) ~[na:na]
	at java.base/sun.net.www.http.HttpClient.New(HttpClient.java:351) ~[na:na]
	at java.base/sun.net.www.http.HttpClient.New(HttpClient.java:372) ~[na:na]
	at java.base/sun.net.www.protocol.http.HttpURLConnection.getNewHttpClient(HttpURLConnection.java:1299) ~[na:na]
	at java.base/sun.net.www.protocol.http.HttpURLConnection.plainConnect0(HttpURLConnection.java:1232) ~[na:na]
	at java.base/sun.net.www.protocol.http.HttpURLConnection.plainConnect(HttpURLConnection.java:1120) ~[na:na]
	at java.base/sun.net.www.protocol.http.HttpURLConnection.connect(HttpURLConnection.java:1051) ~[na:na]
	at org.springframework.http.client.SimpleBufferingClientHttpRequest.executeInternal(SimpleBufferingClientHttpRequest.java:76) ~[spring-web-5.3.8.jar:5.3.8]
	at org.springframework.http.client.AbstractBufferingClientHttpRequest.executeInternal(AbstractBufferingClientHttpRequest.java:48) ~[spring-web-5.3.8.jar:5.3.8]
	at org.springframework.http.client.AbstractClientHttpRequest.execute(AbstractClientHttpRequest.java:66) ~[spring-web-5.3.8.jar:5.3.8]
	at org.springframework.web.client.RestTemplate.doExecute(RestTemplate.java:776) ~[spring-web-5.3.8.jar:5.3.8]
	... 9 common frames omitted

2021-07-16 09:50:33.547  INFO [movie-service,,] 13376 --- [AsyncResolver-bootstrap-executor-0] c.n.d.s.r.aws.ConfigClusterResolver      : Resolving eureka endpoints via configuration
2021-07-16 09:55:33.549  INFO [movie-service,,] 13376 --- [AsyncResolver-bootstrap-executor-0] c.n.d.s.r.aws.ConfigClusterResolver      : Resolving eureka endpoints via configuration
2021-07-16 10:00:33.557  INFO [movie-service,,] 13376 --- [AsyncResolver-bootstrap-executor-0] c.n.d.s.r.aws.ConfigClusterResolver      : Resolving eureka endpoints via configuration
2021-07-16 10:02:34.664  INFO [movie-service,,] 13376 --- [RMI TCP Connection(31)-127.0.0.1] inMXBeanRegistrar$SpringApplicationAdmin : Application shutdown requested.
2021-07-16 10:02:34.665  INFO [movie-service,,] 13376 --- [RMI TCP Connection(31)-127.0.0.1] o.s.c.n.e.s.EurekaServiceRegistry        : Unregistering application MOVIE-SERVICE with eureka with status DOWN
2021-07-16 10:02:34.665  INFO [movie-service,,] 13376 --- [RMI TCP Connection(31)-127.0.0.1] com.netflix.discovery.DiscoveryClient    : Saw local status change event StatusChangeEvent [timestamp=1626409954665, current=DOWN, previous=UP]
2021-07-16 10:02:34.666  INFO [movie-service,,] 13376 --- [DiscoveryClient-InstanceInfoReplicator-0] com.netflix.discovery.DiscoveryClient    : DiscoveryClient_MOVIE-SERVICE/movie-service:28e5b7a1c5e677f228f808efaf4a0d2e: registering service...
2021-07-16 10:02:34.673  INFO [movie-service,,] 13376 --- [DiscoveryClient-InstanceInfoReplicator-0] com.netflix.discovery.DiscoveryClient    : DiscoveryClient_MOVIE-SERVICE/movie-service:28e5b7a1c5e677f228f808efaf4a0d2e - registration status: 204
2021-07-16 10:02:34.697  INFO [movie-service,,] 13376 --- [RMI TCP Connection(31)-127.0.0.1] o.apache.catalina.core.StandardService   : Stopping service [Tomcat]
2021-07-16 10:02:34.699  INFO [movie-service,,] 13376 --- [RMI TCP Connection(31)-127.0.0.1] o.a.c.c.C.[Tomcat].[localhost].[/]       : Destroying Spring FrameworkServlet 'dispatcherServlet'
2021-07-16 10:02:34.701  WARN [movie-service,,] 13376 --- [RMI TCP Connection(31)-127.0.0.1] o.a.c.loader.WebappClassLoaderBase       : The web application [ROOT] appears to have started a thread named [HikariPool-1 housekeeper] but has failed to stop it. This is very likely to create a memory leak. Stack trace of thread:
 java.base@16.0.1/jdk.internal.misc.Unsafe.park(Native Method)
 java.base@16.0.1/java.util.concurrent.locks.LockSupport.parkNanos(LockSupport.java:252)
 java.base@16.0.1/java.util.concurrent.locks.AbstractQueuedSynchronizer$ConditionObject.awaitNanos(AbstractQueuedSynchronizer.java:1661)
 java.base@16.0.1/java.util.concurrent.ScheduledThreadPoolExecutor$DelayedWorkQueue.take(ScheduledThreadPoolExecutor.java:1182)
 java.base@16.0.1/java.util.concurrent.ScheduledThreadPoolExecutor$DelayedWorkQueue.take(ScheduledThreadPoolExecutor.java:899)
 java.base@16.0.1/java.util.concurrent.ThreadPoolExecutor.getTask(ThreadPoolExecutor.java:1056)
 java.base@16.0.1/java.util.concurrent.ThreadPoolExecutor.runWorker(ThreadPoolExecutor.java:1116)
 java.base@16.0.1/java.util.concurrent.ThreadPoolExecutor$Worker.run(ThreadPoolExecutor.java:630)
 java.base@16.0.1/java.lang.Thread.run(Thread.java:831)
2021-07-16 10:02:34.702  WARN [movie-service,,] 13376 --- [RMI TCP Connection(31)-127.0.0.1] o.a.c.loader.WebappClassLoaderBase       : The web application [ROOT] appears to have started a thread named [spring.cloud.inetutils] but has failed to stop it. This is very likely to create a memory leak. Stack trace of thread:
 java.base@16.0.1/jdk.internal.misc.Unsafe.park(Native Method)
 java.base@16.0.1/java.util.concurrent.locks.LockSupport.park(LockSupport.java:341)
 java.base@16.0.1/java.util.concurrent.locks.AbstractQueuedSynchronizer$ConditionNode.block(AbstractQueuedSynchronizer.java:505)
 java.base@16.0.1/java.util.concurrent.ForkJoinPool.managedBlock(ForkJoinPool.java:3137)
 java.base@16.0.1/java.util.concurrent.locks.AbstractQueuedSynchronizer$ConditionObject.await(AbstractQueuedSynchronizer.java:1614)
 java.base@16.0.1/java.util.concurrent.LinkedBlockingQueue.take(LinkedBlockingQueue.java:435)
 java.base@16.0.1/java.util.concurrent.ThreadPoolExecutor.getTask(ThreadPoolExecutor.java:1056)
 java.base@16.0.1/java.util.concurrent.ThreadPoolExecutor.runWorker(ThreadPoolExecutor.java:1116)
 java.base@16.0.1/java.util.concurrent.ThreadPoolExecutor$Worker.run(ThreadPoolExecutor.java:630)
 java.base@16.0.1/java.lang.Thread.run(Thread.java:831)
2021-07-16 10:02:34.703  WARN [movie-service,,] 13376 --- [RMI TCP Connection(31)-127.0.0.1] o.a.c.loader.WebappClassLoaderBase       : The web application [ROOT] appears to have started a thread named [AsyncReporter{RestTemplateSender{http://localhost:9411/api/v2/spans}}] but has failed to stop it. This is very likely to create a memory leak. Stack trace of thread:
 java.base@16.0.1/jdk.internal.misc.Unsafe.park(Native Method)
 java.base@16.0.1/java.util.concurrent.locks.LockSupport.parkNanos(LockSupport.java:252)
 java.base@16.0.1/java.util.concurrent.locks.AbstractQueuedSynchronizer$ConditionObject.awaitNanos(AbstractQueuedSynchronizer.java:1661)
 app//zipkin2.reporter.ByteBoundedQueue.drainTo(ByteBoundedQueue.java:81)
 app//zipkin2.reporter.AsyncReporter$BoundedAsyncReporter.flush(AsyncReporter.java:270)
 app//zipkin2.reporter.AsyncReporter$Flusher.run(AsyncReporter.java:378)
 java.base@16.0.1/java.lang.Thread.run(Thread.java:831)
2021-07-16 10:02:34.712  INFO [movie-service,,] 13376 --- [RMI TCP Connection(31)-127.0.0.1] j.LocalContainerEntityManagerFactoryBean : Closing JPA EntityManagerFactory for persistence unit 'default'
2021-07-16 10:02:34.712  INFO [movie-service,,] 13376 --- [RMI TCP Connection(31)-127.0.0.1] .SchemaDropperImpl$DelayedDropActionImpl : HHH000477: Starting delayed evictData of schema as part of SessionFactory shut-down'
2021-07-16 10:02:34.919  WARN [movie-service,,] 13376 --- [RMI TCP Connection(31)-127.0.0.1] o.s.b.f.support.DisposableBeanAdapter    : Invocation of destroy method failed on bean with name 'inMemoryDatabaseShutdownExecutor': org.h2.jdbc.JdbcSQLNonTransientConnectionException: Database is already closed (to disable automatic closing at VM shutdown, add ";DB_CLOSE_ON_EXIT=FALSE" to the db URL) [90121-200]
2021-07-16 10:02:35.249  INFO [movie-service,,] 13376 --- [RMI TCP Connection(31)-127.0.0.1] com.zaxxer.hikari.HikariDataSource       : HikariPool-1 - Shutdown initiated...
2021-07-16 10:02:35.251  INFO [movie-service,,] 13376 --- [RMI TCP Connection(31)-127.0.0.1] com.zaxxer.hikari.HikariDataSource       : HikariPool-1 - Shutdown completed.
2021-07-16 10:02:35.252  INFO [movie-service,,] 13376 --- [RMI TCP Connection(31)-127.0.0.1] com.netflix.discovery.DiscoveryClient    : Shutting down DiscoveryClient ...
2021-07-16 10:02:38.270  INFO [movie-service,,] 13376 --- [RMI TCP Connection(31)-127.0.0.1] com.netflix.discovery.DiscoveryClient    : Unregistering ...
2021-07-16 10:02:38.276  INFO [movie-service,,] 13376 --- [RMI TCP Connection(31)-127.0.0.1] com.netflix.discovery.DiscoveryClient    : DiscoveryClient_MOVIE-SERVICE/movie-service:28e5b7a1c5e677f228f808efaf4a0d2e - deregister  status: 200
2021-07-16 10:02:38.316  INFO [movie-service,,] 13376 --- [RMI TCP Connection(31)-127.0.0.1] com.netflix.discovery.DiscoveryClient    : Completed shut down of DiscoveryClient
2021-07-16 10:07:05.188  INFO [movie-service,,] 11996 --- [restartedMain] .e.DevToolsPropertyDefaultsPostProcessor : Devtools property defaults active! Set 'spring.devtools.add-properties' to 'false' to disable
2021-07-16 10:07:05.655  INFO [movie-service,,] 11996 --- [restartedMain] c.c.c.ConfigServicePropertySourceLocator : Fetching config from server at : http://localhost:9090
2021-07-16 10:07:06.570  INFO [movie-service,,] 11996 --- [restartedMain] c.c.c.ConfigServicePropertySourceLocator : Located environment: name=movie-service, profiles=[default], label=null, version=5f7dfff238b1672a7bdcddaaaaecf124a49813c6, state=null
2021-07-16 10:07:06.576  INFO [movie-service,,] 11996 --- [restartedMain] b.c.PropertySourceBootstrapConfiguration : Located property source: [BootstrapPropertySource {name='bootstrapProperties-configClient'}, BootstrapPropertySource {name='bootstrapProperties-https://github.com/dnilay/config-server-repo.git/file:C:\Users\001ZTG~1\AppData\Local\Temp\config-repo-7937389284442785526\application.yml'}]
2021-07-16 10:07:06.587  INFO [movie-service,,] 11996 --- [restartedMain] c.e.demo.MovieServiceAppApplication      : No active profile set, falling back to default profiles: default
2021-07-16 10:07:07.507  INFO [movie-service,,] 11996 --- [restartedMain] .s.d.r.c.RepositoryConfigurationDelegate : Bootstrapping Spring Data JPA repositories in DEFAULT mode.
2021-07-16 10:07:07.637  INFO [movie-service,,] 11996 --- [restartedMain] .s.d.r.c.RepositoryConfigurationDelegate : Finished Spring Data repository scanning in 122 ms. Found 1 JPA repository interfaces.
2021-07-16 10:07:08.045  INFO [movie-service,,] 11996 --- [restartedMain] o.s.cloud.context.scope.GenericScope     : BeanFactory id=e90fa80b-7b38-32f5-a3a9-399ec092552f
2021-07-16 10:07:08.834  INFO [movie-service,,] 11996 --- [restartedMain] o.s.b.w.embedded.tomcat.TomcatWebServer  : Tomcat initialized with port(s): 0 (http)
2021-07-16 10:07:08.842  INFO [movie-service,,] 11996 --- [restartedMain] o.apache.catalina.core.StandardService   : Starting service [Tomcat]
2021-07-16 10:07:08.842  INFO [movie-service,,] 11996 --- [restartedMain] org.apache.catalina.core.StandardEngine  : Starting Servlet engine: [Apache Tomcat/9.0.48]
2021-07-16 10:07:08.947  INFO [movie-service,,] 11996 --- [restartedMain] o.a.c.c.C.[Tomcat].[localhost].[/]       : Initializing Spring embedded WebApplicationContext
2021-07-16 10:07:08.948  INFO [movie-service,,] 11996 --- [restartedMain] w.s.c.ServletWebServerApplicationContext : Root WebApplicationContext: initialization completed in 2339 ms
2021-07-16 10:07:09.219  INFO [movie-service,,] 11996 --- [restartedMain] com.zaxxer.hikari.HikariDataSource       : HikariPool-1 - Starting...
2021-07-16 10:07:09.385  INFO [movie-service,,] 11996 --- [restartedMain] com.zaxxer.hikari.HikariDataSource       : HikariPool-1 - Start completed.
2021-07-16 10:07:09.393  INFO [movie-service,,] 11996 --- [restartedMain] o.s.b.a.h2.H2ConsoleAutoConfiguration    : H2 console available at '/h2-console'. Database available at 'jdbc:h2:mem:testDB'
2021-07-16 10:07:10.931  INFO [movie-service,,] 11996 --- [restartedMain] o.hibernate.jpa.internal.util.LogHelper  : HHH000204: Processing PersistenceUnitInfo [name: default]
2021-07-16 10:07:10.986  INFO [movie-service,,] 11996 --- [restartedMain] org.hibernate.Version                    : HHH000412: Hibernate ORM core version 5.4.32.Final
2021-07-16 10:07:11.149  INFO [movie-service,,] 11996 --- [restartedMain] o.hibernate.annotations.common.Version   : HCANN000001: Hibernate Commons Annotations {5.1.2.Final}
2021-07-16 10:07:11.287  INFO [movie-service,,] 11996 --- [restartedMain] org.hibernate.dialect.Dialect            : HHH000400: Using dialect: org.hibernate.dialect.H2Dialect
2021-07-16 10:07:11.926  INFO [movie-service,,] 11996 --- [restartedMain] o.h.e.t.j.p.i.JtaPlatformInitiator       : HHH000490: Using JtaPlatform implementation: [org.hibernate.engine.transaction.jta.platform.internal.NoJtaPlatform]
2021-07-16 10:07:11.934  INFO [movie-service,,] 11996 --- [restartedMain] j.LocalContainerEntityManagerFactoryBean : Initialized JPA EntityManagerFactory for persistence unit 'default'
2021-07-16 10:07:12.033  WARN [movie-service,,] 11996 --- [restartedMain] o.s.b.d.a.OptionalLiveReloadServer       : Unable to start LiveReload server
2021-07-16 10:07:12.625  WARN [movie-service,,] 11996 --- [restartedMain] JpaBaseConfiguration$JpaWebConfiguration : spring.jpa.open-in-view is enabled by default. Therefore, database queries may be performed during view rendering. Explicitly configure spring.jpa.open-in-view to disable this warning
2021-07-16 10:07:14.742  INFO [movie-service,,] 11996 --- [restartedMain] DiscoveryClientOptionalArgsConfiguration : Eureka HTTP Client uses RestTemplate.
2021-07-16 10:07:15.144  WARN [movie-service,,] 11996 --- [restartedMain] iguration$LoadBalancerCaffeineWarnLogger : Spring Cloud LoadBalancer is currently working with the default cache. You can switch to using Caffeine cache, by adding it and org.springframework.cache.caffeine.CaffeineCacheManager to the classpath.
2021-07-16 10:07:15.294  INFO [movie-service,,] 11996 --- [restartedMain] o.s.b.a.e.web.EndpointLinksResolver      : Exposing 2 endpoint(s) beneath base path '/actuator'
2021-07-16 10:07:15.477  INFO [movie-service,,] 11996 --- [restartedMain] o.s.b.w.embedded.tomcat.TomcatWebServer  : Tomcat started on port(s): 51461 (http) with context path ''
2021-07-16 10:07:15.478  INFO [movie-service,,] 11996 --- [restartedMain] .s.c.n.e.s.EurekaAutoServiceRegistration : Updating port to 51461
2021-07-16 10:07:15.485  INFO [movie-service,,] 11996 --- [restartedMain] o.s.c.n.eureka.InstanceInfoFactory       : Setting initial instance status as: STARTING
2021-07-16 10:07:15.560  INFO [movie-service,,] 11996 --- [restartedMain] com.netflix.discovery.DiscoveryClient    : Initializing Eureka in region us-east-1
2021-07-16 10:07:15.568  INFO [movie-service,,] 11996 --- [restartedMain] c.n.d.s.r.aws.ConfigClusterResolver      : Resolving eureka endpoints via configuration
2021-07-16 10:07:15.593  INFO [movie-service,,] 11996 --- [RMI TCP Connection(1)-127.0.0.1] o.a.c.c.C.[Tomcat].[localhost].[/]       : Initializing Spring DispatcherServlet 'dispatcherServlet'
2021-07-16 10:07:15.593  INFO [movie-service,,] 11996 --- [RMI TCP Connection(1)-127.0.0.1] o.s.web.servlet.DispatcherServlet        : Initializing Servlet 'dispatcherServlet'
2021-07-16 10:07:15.596  INFO [movie-service,,] 11996 --- [RMI TCP Connection(1)-127.0.0.1] o.s.web.servlet.DispatcherServlet        : Completed initialization in 3 ms
2021-07-16 10:07:15.615  INFO [movie-service,,] 11996 --- [restartedMain] com.netflix.discovery.DiscoveryClient    : Disable delta property : false
2021-07-16 10:07:15.615  INFO [movie-service,,] 11996 --- [restartedMain] com.netflix.discovery.DiscoveryClient    : Single vip registry refresh property : null
2021-07-16 10:07:15.615  INFO [movie-service,,] 11996 --- [restartedMain] com.netflix.discovery.DiscoveryClient    : Force full registry fetch : false
2021-07-16 10:07:15.615  INFO [movie-service,,] 11996 --- [restartedMain] com.netflix.discovery.DiscoveryClient    : Application is null : false
2021-07-16 10:07:15.615  INFO [movie-service,,] 11996 --- [restartedMain] com.netflix.discovery.DiscoveryClient    : Registered Applications size is zero : true
2021-07-16 10:07:15.616  INFO [movie-service,,] 11996 --- [restartedMain] com.netflix.discovery.DiscoveryClient    : Application version is -1: true
2021-07-16 10:07:15.616  INFO [movie-service,,] 11996 --- [restartedMain] com.netflix.discovery.DiscoveryClient    : Getting all instance registry info from the eureka server
2021-07-16 10:07:15.931  INFO [movie-service,,] 11996 --- [restartedMain] com.netflix.discovery.DiscoveryClient    : The response status is 200
2021-07-16 10:07:15.959  INFO [movie-service,,] 11996 --- [restartedMain] com.netflix.discovery.DiscoveryClient    : Starting heartbeat executor: renew interval is: 30
2021-07-16 10:07:15.971  INFO [movie-service,,] 11996 --- [restartedMain] c.n.discovery.InstanceInfoReplicator     : InstanceInfoReplicator onDemand update allowed rate per min is 4
2021-07-16 10:07:16.037  INFO [movie-service,,] 11996 --- [restartedMain] com.netflix.discovery.DiscoveryClient    : Discovery Client initialized at timestamp 1626410236035 with initial instances count: 2
2021-07-16 10:07:16.071  INFO [movie-service,,] 11996 --- [restartedMain] o.s.c.n.e.s.EurekaServiceRegistry        : Registering application MOVIE-SERVICE with eureka with status UP
2021-07-16 10:07:16.072  INFO [movie-service,,] 11996 --- [restartedMain] com.netflix.discovery.DiscoveryClient    : Saw local status change event StatusChangeEvent [timestamp=1626410236072, current=UP, previous=STARTING]
2021-07-16 10:07:16.075  INFO [movie-service,,] 11996 --- [DiscoveryClient-InstanceInfoReplicator-0] com.netflix.discovery.DiscoveryClient    : DiscoveryClient_MOVIE-SERVICE/movie-service:a8ea35eca4280c45c5022d735ea52537: registering service...
2021-07-16 10:07:16.290  INFO [movie-service,,] 11996 --- [DiscoveryClient-InstanceInfoReplicator-0] com.netflix.discovery.DiscoveryClient    : DiscoveryClient_MOVIE-SERVICE/movie-service:a8ea35eca4280c45c5022d735ea52537 - registration status: 204
2021-07-16 10:07:16.323  INFO [movie-service,,] 11996 --- [restartedMain] c.e.demo.MovieServiceAppApplication      : Started MovieServiceAppApplication in 11.639 seconds (JVM running for 12.524)
2021-07-16 10:07:16.448  WARN [movie-service,,] 11996 --- [registrationTask1] d.c.b.a.c.r.ApplicationRegistrator       : Failed to register application as Application(name=movie-service, managementUrl=http://host.docker.internal:51461/actuator, healthUrl=http://host.docker.internal:51461/actuator/health, serviceUrl=http://host.docker.internal:51461/) at spring-boot-admin ([http://admin:admin@localhost:8888//instances]): I/O error on POST request for "http://admin:admin@localhost:8888/instances": Connect to localhost:8888 [localhost/127.0.0.1, localhost/0:0:0:0:0:0:0:1] failed: Connection refused: no further information; nested exception is org.apache.http.conn.HttpHostConnectException: Connect to localhost:8888 [localhost/127.0.0.1, localhost/0:0:0:0:0:0:0:1] failed: Connection refused: no further information. Further attempts are logged on DEBUG level
2021-07-16 10:12:15.620  INFO [movie-service,,] 11996 --- [AsyncResolver-bootstrap-executor-0] c.n.d.s.r.aws.ConfigClusterResolver      : Resolving eureka endpoints via configuration
2021-07-16 10:15:20.174  INFO [movie-service,,] 11996 --- [RMI TCP Connection(20)-127.0.0.1] inMXBeanRegistrar$SpringApplicationAdmin : Application shutdown requested.
2021-07-16 10:15:20.178  INFO [movie-service,,] 11996 --- [RMI TCP Connection(20)-127.0.0.1] o.s.c.n.e.s.EurekaServiceRegistry        : Unregistering application MOVIE-SERVICE with eureka with status DOWN
2021-07-16 10:15:20.180  INFO [movie-service,,] 11996 --- [RMI TCP Connection(20)-127.0.0.1] com.netflix.discovery.DiscoveryClient    : Saw local status change event StatusChangeEvent [timestamp=1626410720180, current=DOWN, previous=UP]
2021-07-16 10:15:20.182  INFO [movie-service,,] 11996 --- [DiscoveryClient-InstanceInfoReplicator-0] com.netflix.discovery.DiscoveryClient    : DiscoveryClient_MOVIE-SERVICE/movie-service:a8ea35eca4280c45c5022d735ea52537: registering service...
2021-07-16 10:15:20.199  INFO [movie-service,,] 11996 --- [DiscoveryClient-InstanceInfoReplicator-0] com.netflix.discovery.DiscoveryClient    : DiscoveryClient_MOVIE-SERVICE/movie-service:a8ea35eca4280c45c5022d735ea52537 - registration status: 204
2021-07-16 10:15:20.251  INFO [movie-service,,] 11996 --- [RMI TCP Connection(20)-127.0.0.1] o.apache.catalina.core.StandardService   : Stopping service [Tomcat]
2021-07-16 10:15:20.257  INFO [movie-service,,] 11996 --- [RMI TCP Connection(20)-127.0.0.1] o.a.c.c.C.[Tomcat].[localhost].[/]       : Destroying Spring FrameworkServlet 'dispatcherServlet'
2021-07-16 10:15:20.270  WARN [movie-service,,] 11996 --- [RMI TCP Connection(20)-127.0.0.1] o.a.c.loader.WebappClassLoaderBase       : The web application [ROOT] appears to have started a thread named [HikariPool-1 housekeeper] but has failed to stop it. This is very likely to create a memory leak. Stack trace of thread:
 java.base@16.0.1/jdk.internal.misc.Unsafe.park(Native Method)
 java.base@16.0.1/java.util.concurrent.locks.LockSupport.parkNanos(LockSupport.java:252)
 java.base@16.0.1/java.util.concurrent.locks.AbstractQueuedSynchronizer$ConditionObject.awaitNanos(AbstractQueuedSynchronizer.java:1661)
 java.base@16.0.1/java.util.concurrent.ScheduledThreadPoolExecutor$DelayedWorkQueue.take(ScheduledThreadPoolExecutor.java:1182)
 java.base@16.0.1/java.util.concurrent.ScheduledThreadPoolExecutor$DelayedWorkQueue.take(ScheduledThreadPoolExecutor.java:899)
 java.base@16.0.1/java.util.concurrent.ThreadPoolExecutor.getTask(ThreadPoolExecutor.java:1056)
 java.base@16.0.1/java.util.concurrent.ThreadPoolExecutor.runWorker(ThreadPoolExecutor.java:1116)
 java.base@16.0.1/java.util.concurrent.ThreadPoolExecutor$Worker.run(ThreadPoolExecutor.java:630)
 java.base@16.0.1/java.lang.Thread.run(Thread.java:831)
2021-07-16 10:15:20.272  WARN [movie-service,,] 11996 --- [RMI TCP Connection(20)-127.0.0.1] o.a.c.loader.WebappClassLoaderBase       : The web application [ROOT] appears to have started a thread named [spring.cloud.inetutils] but has failed to stop it. This is very likely to create a memory leak. Stack trace of thread:
 java.base@16.0.1/jdk.internal.misc.Unsafe.park(Native Method)
 java.base@16.0.1/java.util.concurrent.locks.LockSupport.park(LockSupport.java:341)
 java.base@16.0.1/java.util.concurrent.locks.AbstractQueuedSynchronizer$ConditionNode.block(AbstractQueuedSynchronizer.java:505)
 java.base@16.0.1/java.util.concurrent.ForkJoinPool.managedBlock(ForkJoinPool.java:3137)
 java.base@16.0.1/java.util.concurrent.locks.AbstractQueuedSynchronizer$ConditionObject.await(AbstractQueuedSynchronizer.java:1614)
 java.base@16.0.1/java.util.concurrent.LinkedBlockingQueue.take(LinkedBlockingQueue.java:435)
 java.base@16.0.1/java.util.concurrent.ThreadPoolExecutor.getTask(ThreadPoolExecutor.java:1056)
 java.base@16.0.1/java.util.concurrent.ThreadPoolExecutor.runWorker(ThreadPoolExecutor.java:1116)
 java.base@16.0.1/java.util.concurrent.ThreadPoolExecutor$Worker.run(ThreadPoolExecutor.java:630)
 java.base@16.0.1/java.lang.Thread.run(Thread.java:831)
2021-07-16 10:15:20.323  INFO [movie-service,,] 11996 --- [RMI TCP Connection(20)-127.0.0.1] j.LocalContainerEntityManagerFactoryBean : Closing JPA EntityManagerFactory for persistence unit 'default'
2021-07-16 10:15:20.324  INFO [movie-service,,] 11996 --- [RMI TCP Connection(20)-127.0.0.1] .SchemaDropperImpl$DelayedDropActionImpl : HHH000477: Starting delayed evictData of schema as part of SessionFactory shut-down'
2021-07-16 10:15:20.572  WARN [movie-service,,] 11996 --- [RMI TCP Connection(20)-127.0.0.1] o.s.b.f.support.DisposableBeanAdapter    : Invocation of destroy method failed on bean with name 'inMemoryDatabaseShutdownExecutor': org.h2.jdbc.JdbcSQLNonTransientConnectionException: Database is already closed (to disable automatic closing at VM shutdown, add ";DB_CLOSE_ON_EXIT=FALSE" to the db URL) [90121-200]
2021-07-16 10:15:21.584  INFO [movie-service,,] 11996 --- [RMI TCP Connection(20)-127.0.0.1] com.zaxxer.hikari.HikariDataSource       : HikariPool-1 - Shutdown initiated...
2021-07-16 10:15:21.590  INFO [movie-service,,] 11996 --- [RMI TCP Connection(20)-127.0.0.1] com.zaxxer.hikari.HikariDataSource       : HikariPool-1 - Shutdown completed.
2021-07-16 10:15:21.595  INFO [movie-service,,] 11996 --- [RMI TCP Connection(20)-127.0.0.1] com.netflix.discovery.DiscoveryClient    : Shutting down DiscoveryClient ...
2021-07-16 10:15:24.610  INFO [movie-service,,] 11996 --- [RMI TCP Connection(20)-127.0.0.1] com.netflix.discovery.DiscoveryClient    : Unregistering ...
2021-07-16 10:15:24.616  INFO [movie-service,,] 11996 --- [RMI TCP Connection(20)-127.0.0.1] com.netflix.discovery.DiscoveryClient    : DiscoveryClient_MOVIE-SERVICE/movie-service:a8ea35eca4280c45c5022d735ea52537 - deregister  status: 200
2021-07-16 10:15:24.711  INFO [movie-service,,] 11996 --- [RMI TCP Connection(20)-127.0.0.1] com.netflix.discovery.DiscoveryClient    : Completed shut down of DiscoveryClient
